copy_files_local_to_hdfs.ksh Started: Sat May 25 08:56:34 UTC 2024
./delete_hdfs_output.ksh: line 25: [: ===: binary operator expected
-test: Not enough arguments: expected 1 but got 0
Usage: hadoop fs [generic options]
	[-appendToFile [-n] <localsrc> ... <dst>]
	[-cat [-ignoreCrc] <src> ...]
	[-checksum [-v] <src> ...]
	[-chgrp [-R] GROUP PATH...]
	[-chmod [-R] <MODE[,MODE]... | OCTALMODE> PATH...]
	[-chown [-R] [OWNER][:[GROUP]] PATH...]
	[-concat <target path> <src path> <src path> ...]
	[-copyFromLocal [-f] [-p] [-l] [-d] [-t <thread count>] [-q <thread pool queue size>] <localsrc> ... <dst>]
	[-copyToLocal [-f] [-p] [-crc] [-ignoreCrc] [-t <thread count>] [-q <thread pool queue size>] <src> ... <localdst>]
	[-count [-q] [-h] [-v] [-t [<storage type>]] [-u] [-x] [-e] [-s] <path> ...]
	[-cp [-f] [-p | -p[topax]] [-d] [-t <thread count>] [-q <thread pool queue size>] <src> ... <dst>]
	[-createSnapshot <snapshotDir> [<snapshotName>]]
	[-deleteSnapshot <snapshotDir> <snapshotName>]
	[-df [-h] [<path> ...]]
	[-du [-s] [-h] [-v] [-x] <path> ...]
	[-expunge [-immediate] [-fs <path>]]
	[-find <path> ... <expression> ...]
	[-get [-f] [-p] [-crc] [-ignoreCrc] [-t <thread count>] [-q <thread pool queue size>] <src> ... <localdst>]
	[-getfacl [-R] <path>]
	[-getfattr [-R] {-n name | -d} [-e en] <path>]
	[-getmerge [-nl] [-skip-empty-file] <src> <localdst>]
	[-head <file>]
	[-help [cmd ...]]
	[-ls [-C] [-d] [-h] [-q] [-R] [-t] [-S] [-r] [-u] [-e] [<path> ...]]
	[-mkdir [-p] <path> ...]
	[-moveFromLocal [-f] [-p] [-l] [-d] <localsrc> ... <dst>]
	[-moveToLocal <src> <localdst>]
	[-mv <src> ... <dst>]
	[-put [-f] [-p] [-l] [-d] [-t <thread count>] [-q <thread pool queue size>] <localsrc> ... <dst>]
	[-renameSnapshot <snapshotDir> <oldName> <newName>]
	[-rm [-f] [-r|-R] [-skipTrash] [-safely] <src> ...]
	[-rmdir [--ignore-fail-on-non-empty] <dir> ...]
	[-setfacl [-R] [{-b|-k} {-m|-x <acl_spec>} <path>]|[--set <acl_spec> <path>]]
	[-setfattr {-n name [-v value] | -x name} <path>]
	[-setrep [-R] [-w] <rep> <path> ...]
	[-stat [format] <path> ...]
	[-tail [-f] [-s <sleep interval>] <file>]
	[-test -[defswrz] <path>]
	[-text [-ignoreCrc] <src> ...]
	[-touch [-a] [-m] [-t TIMESTAMP (yyyyMMdd:HHmmss) ] [-c] <path> ...]
	[-touchz <path> ...]
	[-truncate [-w] <length> <path> ...]
	[-usage [cmd ...]]

Generic options supported are:
-conf <configuration file>        specify an application configuration file
-D <property=value>               define a value for a given property
-fs <file:///|hdfs://namenode:port> specify default filesystem URL to use, overrides 'fs.defaultFS' property from configurations.
-jt <local|resourcemanager:port>  specify a ResourceManager
-files <file1,...>                specify a comma-separated list of files to be copied to the map reduce cluster
-libjars <jar1,...>               specify a comma-separated list of jar files to be included in the classpath
-archives <archive1,...>          specify a comma-separated list of archives to be unarchived on the compute machines

The general command line syntax is:
command [genericOptions] [commandOptions]

Usage: hadoop fs [generic options] -test -[defswrz] <path>
./delete_hdfs_output.ksh: line 35: [: ===: binary operator expected
copy_files_local_to_hdfs.ksh Completed: Sat May 25 08:56:38 UTC 2024
